{"C:\\Dirq apps\\dirq-solutions-crmwebsite\\src\\components\\ProtectedRoute.tsx": {"path":"C:\\Dirq apps\\dirq-solutions-crmwebsite\\src\\components\\ProtectedRoute.tsx","statementMap":{"0":{"start":{"line":11,"column":31},"end":{"line":11,"column":null}},"1":{"start":{"line":13,"column":2},"end":{"line":19,"column":null}},"2":{"start":{"line":14,"column":4},"end":{"line":16,"column":null}},"3":{"start":{"line":21,"column":2},"end":{"line":23,"column":null}},"4":{"start":{"line":22,"column":4},"end":{"line":22,"column":null}},"5":{"start":{"line":25,"column":2},"end":{"line":39,"column":null}},"6":{"start":{"line":27,"column":4},"end":{"line":38,"column":null}},"7":{"start":{"line":29,"column":8},"end":{"line":29,"column":null}},"8":{"start":{"line":31,"column":8},"end":{"line":31,"column":null}},"9":{"start":{"line":33,"column":8},"end":{"line":33,"column":null}},"10":{"start":{"line":35,"column":8},"end":{"line":35,"column":null}},"11":{"start":{"line":37,"column":8},"end":{"line":37,"column":null}},"12":{"start":{"line":41,"column":2},"end":{"line":41,"column":null}}},"fnMap":{"0":{"name":"ProtectedRoute","decl":{"start":{"line":10,"column":16},"end":{"line":10,"column":31}},"loc":{"start":{"line":10,"column":78},"end":{"line":42,"column":null}},"line":10}},"branchMap":{"0":{"loc":{"start":{"line":13,"column":2},"end":{"line":19,"column":null}},"type":"if","locations":[{"start":{"line":13,"column":2},"end":{"line":19,"column":null}},{"start":{},"end":{}}],"line":13},"1":{"loc":{"start":{"line":21,"column":2},"end":{"line":23,"column":null}},"type":"if","locations":[{"start":{"line":21,"column":2},"end":{"line":23,"column":null}},{"start":{},"end":{}}],"line":21},"2":{"loc":{"start":{"line":25,"column":2},"end":{"line":39,"column":null}},"type":"if","locations":[{"start":{"line":25,"column":2},"end":{"line":39,"column":null}},{"start":{},"end":{}}],"line":25},"3":{"loc":{"start":{"line":25,"column":6},"end":{"line":25,"column":60}},"type":"binary-expr","locations":[{"start":{"line":25,"column":6},"end":{"line":25,"column":22}},{"start":{"line":25,"column":22},"end":{"line":25,"column":30}},{"start":{"line":25,"column":30},"end":{"line":25,"column":60}}],"line":25},"4":{"loc":{"start":{"line":27,"column":4},"end":{"line":38,"column":null}},"type":"switch","locations":[{"start":{"line":28,"column":6},"end":{"line":29,"column":null}},{"start":{"line":30,"column":6},"end":{"line":31,"column":null}},{"start":{"line":32,"column":6},"end":{"line":33,"column":null}},{"start":{"line":34,"column":6},"end":{"line":35,"column":null}},{"start":{"line":36,"column":6},"end":{"line":37,"column":null}}],"line":27}},"s":{"0":2,"1":2,"2":0,"3":2,"4":1,"5":1,"6":0,"7":0,"8":0,"9":0,"10":0,"11":0,"12":1},"f":{"0":2},"b":{"0":[0,2],"1":[1,1],"2":[0,1],"3":[1,1,1],"4":[0,0,0,0,0]},"meta":{"lastBranch":5,"lastFunction":1,"lastStatement":13,"seen":{"f:10:16:10:31":0,"s:11:31:11:Infinity":0,"b:13:2:19:Infinity:undefined:undefined:undefined:undefined":0,"s:13:2:19:Infinity":1,"s:14:4:16:Infinity":2,"b:21:2:23:Infinity:undefined:undefined:undefined:undefined":1,"s:21:2:23:Infinity":3,"s:22:4:22:Infinity":4,"b:25:2:39:Infinity:undefined:undefined:undefined:undefined":2,"s:25:2:39:Infinity":5,"b:25:6:25:22:25:22:25:30:25:30:25:60":3,"b:28:6:29:Infinity:30:6:31:Infinity:32:6:33:Infinity:34:6:35:Infinity:36:6:37:Infinity":4,"s:27:4:38:Infinity":6,"s:29:8:29:Infinity":7,"s:31:8:31:Infinity":8,"s:33:8:33:Infinity":9,"s:35:8:35:Infinity":10,"s:37:8:37:Infinity":11,"s:41:2:41:Infinity":12}}}
,"C:\\Dirq apps\\dirq-solutions-crmwebsite\\src\\features\\companies\\hooks\\useCompanies.ts": {"path":"C:\\Dirq apps\\dirq-solutions-crmwebsite\\src\\features\\companies\\hooks\\useCompanies.ts","statementMap":{"0":{"start":{"line":8,"column":16},"end":{"line":8,"column":null}},"1":{"start":{"line":9,"column":23},"end":{"line":9,"column":null}},"2":{"start":{"line":10,"column":19},"end":{"line":10,"column":null}},"3":{"start":{"line":12,"column":8},"end":{"line":69,"column":null}},"4":{"start":{"line":15,"column":18},"end":{"line":21,"column":null}},"5":{"start":{"line":24,"column":6},"end":{"line":29,"column":null}},"6":{"start":{"line":25,"column":35},"end":{"line":25,"column":null}},"7":{"start":{"line":26,"column":8},"end":{"line":28,"column":null}},"8":{"start":{"line":27,"column":10},"end":{"line":27,"column":null}},"9":{"start":{"line":33,"column":6},"end":{"line":35,"column":null}},"10":{"start":{"line":34,"column":8},"end":{"line":34,"column":null}},"11":{"start":{"line":36,"column":6},"end":{"line":38,"column":null}},"12":{"start":{"line":37,"column":8},"end":{"line":37,"column":null}},"13":{"start":{"line":39,"column":6},"end":{"line":41,"column":null}},"14":{"start":{"line":40,"column":8},"end":{"line":40,"column":null}},"15":{"start":{"line":42,"column":6},"end":{"line":44,"column":null}},"16":{"start":{"line":43,"column":8},"end":{"line":43,"column":null}},"17":{"start":{"line":45,"column":6},"end":{"line":47,"column":null}},"18":{"start":{"line":46,"column":8},"end":{"line":46,"column":null}},"19":{"start":{"line":50,"column":19},"end":{"line":50,"column":null}},"20":{"start":{"line":51,"column":17},"end":{"line":51,"column":null}},"21":{"start":{"line":52,"column":6},"end":{"line":52,"column":null}},"22":{"start":{"line":55,"column":6},"end":{"line":55,"column":null}},"23":{"start":{"line":57,"column":37},"end":{"line":57,"column":null}},"24":{"start":{"line":59,"column":6},"end":{"line":59,"column":null}},"25":{"start":{"line":59,"column":17},"end":{"line":59,"column":null}},"26":{"start":{"line":61,"column":6},"end":{"line":67,"column":null}},"27":{"start":{"line":71,"column":2},"end":{"line":76,"column":null}},"28":{"start":{"line":80,"column":2},"end":{"line":97,"column":null}},"29":{"start":{"line":83,"column":30},"end":{"line":91,"column":null}},"30":{"start":{"line":93,"column":6},"end":{"line":93,"column":null}},"31":{"start":{"line":93,"column":17},"end":{"line":93,"column":null}},"32":{"start":{"line":94,"column":6},"end":{"line":94,"column":null}},"33":{"start":{"line":101,"column":16},"end":{"line":101,"column":null}},"34":{"start":{"line":103,"column":2},"end":{"line":142,"column":null}},"35":{"start":{"line":106,"column":18},"end":{"line":106,"column":null}},"36":{"start":{"line":109,"column":6},"end":{"line":114,"column":null}},"37":{"start":{"line":110,"column":35},"end":{"line":110,"column":null}},"38":{"start":{"line":111,"column":8},"end":{"line":113,"column":null}},"39":{"start":{"line":112,"column":10},"end":{"line":112,"column":null}},"40":{"start":{"line":116,"column":30},"end":{"line":116,"column":null}},"41":{"start":{"line":117,"column":6},"end":{"line":117,"column":null}},"42":{"start":{"line":117,"column":17},"end":{"line":117,"column":null}},"43":{"start":{"line":119,"column":20},"end":{"line":126,"column":null}},"44":{"start":{"line":121,"column":33},"end":{"line":121,"column":56}},"45":{"start":{"line":122,"column":36},"end":{"line":122,"column":61}},"46":{"start":{"line":123,"column":35},"end":{"line":123,"column":60}},"47":{"start":{"line":129,"column":6},"end":{"line":133,"column":null}},"48":{"start":{"line":130,"column":8},"end":{"line":132,"column":null}},"49":{"start":{"line":131,"column":10},"end":{"line":131,"column":null}},"50":{"start":{"line":136,"column":6},"end":{"line":138,"column":null}},"51":{"start":{"line":137,"column":8},"end":{"line":137,"column":null}},"52":{"start":{"line":140,"column":6},"end":{"line":140,"column":null}}},"fnMap":{"0":{"name":"useCompanies","decl":{"start":{"line":7,"column":16},"end":{"line":7,"column":29}},"loc":{"start":{"line":7,"column":53},"end":{"line":77,"column":null}},"line":7},"1":{"name":"(anonymous_1)","decl":{"start":{"line":14,"column":13},"end":{"line":14,"column":null}},"loc":{"start":{"line":14,"column":13},"end":{"line":68,"column":null}},"line":14},"2":{"name":"useCompany","decl":{"start":{"line":79,"column":16},"end":{"line":79,"column":27}},"loc":{"start":{"line":79,"column":37},"end":{"line":98,"column":null}},"line":79},"3":{"name":"(anonymous_3)","decl":{"start":{"line":82,"column":13},"end":{"line":82,"column":null}},"loc":{"start":{"line":82,"column":13},"end":{"line":95,"column":null}},"line":82},"4":{"name":"useCompanyStats","decl":{"start":{"line":100,"column":16},"end":{"line":100,"column":null}},"loc":{"start":{"line":100,"column":16},"end":{"line":143,"column":null}},"line":100},"5":{"name":"(anonymous_5)","decl":{"start":{"line":105,"column":13},"end":{"line":105,"column":null}},"loc":{"start":{"line":105,"column":13},"end":{"line":141,"column":null}},"line":105},"6":{"name":"(anonymous_6)","decl":{"start":{"line":121,"column":28},"end":{"line":121,"column":33}},"loc":{"start":{"line":121,"column":33},"end":{"line":121,"column":56}},"line":121},"7":{"name":"(anonymous_7)","decl":{"start":{"line":122,"column":31},"end":{"line":122,"column":36}},"loc":{"start":{"line":122,"column":36},"end":{"line":122,"column":61}},"line":122},"8":{"name":"(anonymous_8)","decl":{"start":{"line":123,"column":30},"end":{"line":123,"column":35}},"loc":{"start":{"line":123,"column":35},"end":{"line":123,"column":60}},"line":123},"9":{"name":"(anonymous_9)","decl":{"start":{"line":129,"column":19},"end":{"line":129,"column":null}},"loc":{"start":{"line":129,"column":19},"end":{"line":133,"column":null}},"line":129},"10":{"name":"(anonymous_10)","decl":{"start":{"line":136,"column":19},"end":{"line":136,"column":null}},"loc":{"start":{"line":136,"column":19},"end":{"line":138,"column":null}},"line":136}},"branchMap":{"0":{"loc":{"start":{"line":24,"column":6},"end":{"line":29,"column":null}},"type":"if","locations":[{"start":{"line":24,"column":6},"end":{"line":29,"column":null}},{"start":{},"end":{}}],"line":24},"1":{"loc":{"start":{"line":26,"column":8},"end":{"line":28,"column":null}},"type":"if","locations":[{"start":{"line":26,"column":8},"end":{"line":28,"column":null}},{"start":{},"end":{}}],"line":26},"2":{"loc":{"start":{"line":33,"column":6},"end":{"line":35,"column":null}},"type":"if","locations":[{"start":{"line":33,"column":6},"end":{"line":35,"column":null}},{"start":{},"end":{}}],"line":33},"3":{"loc":{"start":{"line":36,"column":6},"end":{"line":38,"column":null}},"type":"if","locations":[{"start":{"line":36,"column":6},"end":{"line":38,"column":null}},{"start":{},"end":{}}],"line":36},"4":{"loc":{"start":{"line":36,"column":10},"end":{"line":36,"column":56}},"type":"binary-expr","locations":[{"start":{"line":36,"column":10},"end":{"line":36,"column":29}},{"start":{"line":36,"column":29},"end":{"line":36,"column":56}}],"line":36},"5":{"loc":{"start":{"line":39,"column":6},"end":{"line":41,"column":null}},"type":"if","locations":[{"start":{"line":39,"column":6},"end":{"line":41,"column":null}},{"start":{},"end":{}}],"line":39},"6":{"loc":{"start":{"line":39,"column":10},"end":{"line":39,"column":66}},"type":"binary-expr","locations":[{"start":{"line":39,"column":10},"end":{"line":39,"column":34}},{"start":{"line":39,"column":34},"end":{"line":39,"column":66}}],"line":39},"7":{"loc":{"start":{"line":42,"column":6},"end":{"line":44,"column":null}},"type":"if","locations":[{"start":{"line":42,"column":6},"end":{"line":44,"column":null}},{"start":{},"end":{}}],"line":42},"8":{"loc":{"start":{"line":42,"column":10},"end":{"line":42,"column":60}},"type":"binary-expr","locations":[{"start":{"line":42,"column":10},"end":{"line":42,"column":31}},{"start":{"line":42,"column":31},"end":{"line":42,"column":60}}],"line":42},"9":{"loc":{"start":{"line":45,"column":6},"end":{"line":47,"column":null}},"type":"if","locations":[{"start":{"line":45,"column":6},"end":{"line":47,"column":null}},{"start":{},"end":{}}],"line":45},"10":{"loc":{"start":{"line":45,"column":10},"end":{"line":45,"column":60}},"type":"binary-expr","locations":[{"start":{"line":45,"column":10},"end":{"line":45,"column":31}},{"start":{"line":45,"column":31},"end":{"line":45,"column":60}}],"line":45},"11":{"loc":{"start":{"line":59,"column":6},"end":{"line":59,"column":null}},"type":"if","locations":[{"start":{"line":59,"column":6},"end":{"line":59,"column":null}},{"start":{},"end":{}}],"line":59},"12":{"loc":{"start":{"line":63,"column":15},"end":{"line":63,"column":null}},"type":"binary-expr","locations":[{"start":{"line":63,"column":15},"end":{"line":63,"column":24}},{"start":{"line":63,"column":24},"end":{"line":63,"column":null}}],"line":63},"13":{"loc":{"start":{"line":66,"column":18},"end":{"line":66,"column":32}},"type":"binary-expr","locations":[{"start":{"line":66,"column":18},"end":{"line":66,"column":27}},{"start":{"line":66,"column":27},"end":{"line":66,"column":32}}],"line":66},"14":{"loc":{"start":{"line":93,"column":6},"end":{"line":93,"column":null}},"type":"if","locations":[{"start":{"line":93,"column":6},"end":{"line":93,"column":null}},{"start":{},"end":{}}],"line":93},"15":{"loc":{"start":{"line":109,"column":6},"end":{"line":114,"column":null}},"type":"if","locations":[{"start":{"line":109,"column":6},"end":{"line":114,"column":null}},{"start":{},"end":{}}],"line":109},"16":{"loc":{"start":{"line":111,"column":8},"end":{"line":113,"column":null}},"type":"if","locations":[{"start":{"line":111,"column":8},"end":{"line":113,"column":null}},{"start":{},"end":{}}],"line":111},"17":{"loc":{"start":{"line":117,"column":6},"end":{"line":117,"column":null}},"type":"if","locations":[{"start":{"line":117,"column":6},"end":{"line":117,"column":null}},{"start":{},"end":{}}],"line":117},"18":{"loc":{"start":{"line":130,"column":8},"end":{"line":132,"column":null}},"type":"if","locations":[{"start":{"line":130,"column":8},"end":{"line":132,"column":null}},{"start":{},"end":{}}],"line":130},"19":{"loc":{"start":{"line":131,"column":52},"end":{"line":131,"column":99}},"type":"binary-expr","locations":[{"start":{"line":131,"column":52},"end":{"line":131,"column":90}},{"start":{"line":131,"column":94},"end":{"line":131,"column":99}}],"line":131},"20":{"loc":{"start":{"line":137,"column":44},"end":{"line":137,"column":85}},"type":"binary-expr","locations":[{"start":{"line":137,"column":44},"end":{"line":137,"column":76}},{"start":{"line":137,"column":80},"end":{"line":137,"column":85}}],"line":137}},"s":{"0":8,"1":8,"2":8,"3":8,"4":6,"5":6,"6":0,"7":0,"8":0,"9":6,"10":2,"11":4,"12":0,"13":4,"14":0,"15":4,"16":0,"17":4,"18":0,"19":4,"20":4,"21":4,"22":4,"23":4,"24":2,"25":0,"26":2,"27":8,"28":0,"29":0,"30":0,"31":0,"32":0,"33":3,"34":3,"35":2,"36":2,"37":0,"38":0,"39":0,"40":2,"41":2,"42":0,"43":2,"44":6,"45":6,"46":6,"47":2,"48":6,"49":6,"50":2,"51":6,"52":2},"f":{"0":8,"1":6,"2":0,"3":0,"4":3,"5":2,"6":6,"7":6,"8":6,"9":6,"10":6},"b":{"0":[0,6],"1":[0,0],"2":[2,4],"3":[0,4],"4":[4,0],"5":[0,4],"6":[4,0],"7":[0,4],"8":[4,0],"9":[0,4],"10":[4,0],"11":[0,2],"12":[2,0],"13":[6,0],"14":[0,0],"15":[0,2],"16":[0,0],"17":[0,2],"18":[6,0],"19":[6,4],"20":[6,4]},"meta":{"lastBranch":21,"lastFunction":11,"lastStatement":53,"seen":{"f:7:16:7:29":0,"s:8:16:8:Infinity":0,"s:9:23:9:Infinity":1,"s:10:19:10:Infinity":2,"s:12:8:69:Infinity":3,"f:14:13:14:Infinity":1,"s:15:18:21:Infinity":4,"b:24:6:29:Infinity:undefined:undefined:undefined:undefined":0,"s:24:6:29:Infinity":5,"s:25:35:25:Infinity":6,"b:26:8:28:Infinity:undefined:undefined:undefined:undefined":1,"s:26:8:28:Infinity":7,"s:27:10:27:Infinity":8,"b:33:6:35:Infinity:undefined:undefined:undefined:undefined":2,"s:33:6:35:Infinity":9,"s:34:8:34:Infinity":10,"b:36:6:38:Infinity:undefined:undefined:undefined:undefined":3,"s:36:6:38:Infinity":11,"b:36:10:36:29:36:29:36:56":4,"s:37:8:37:Infinity":12,"b:39:6:41:Infinity:undefined:undefined:undefined:undefined":5,"s:39:6:41:Infinity":13,"b:39:10:39:34:39:34:39:66":6,"s:40:8:40:Infinity":14,"b:42:6:44:Infinity:undefined:undefined:undefined:undefined":7,"s:42:6:44:Infinity":15,"b:42:10:42:31:42:31:42:60":8,"s:43:8:43:Infinity":16,"b:45:6:47:Infinity:undefined:undefined:undefined:undefined":9,"s:45:6:47:Infinity":17,"b:45:10:45:31:45:31:45:60":10,"s:46:8:46:Infinity":18,"s:50:19:50:Infinity":19,"s:51:17:51:Infinity":20,"s:52:6:52:Infinity":21,"s:55:6:55:Infinity":22,"s:57:37:57:Infinity":23,"b:59:6:59:Infinity:undefined:undefined:undefined:undefined":11,"s:59:6:59:Infinity":24,"s:59:17:59:Infinity":25,"s:61:6:67:Infinity":26,"b:63:15:63:24:63:24:63:Infinity":12,"b:66:18:66:27:66:27:66:32":13,"s:71:2:76:Infinity":27,"f:79:16:79:27":2,"s:80:2:97:Infinity":28,"f:82:13:82:Infinity":3,"s:83:30:91:Infinity":29,"b:93:6:93:Infinity:undefined:undefined:undefined:undefined":14,"s:93:6:93:Infinity":30,"s:93:17:93:Infinity":31,"s:94:6:94:Infinity":32,"f:100:16:100:Infinity":4,"s:101:16:101:Infinity":33,"s:103:2:142:Infinity":34,"f:105:13:105:Infinity":5,"s:106:18:106:Infinity":35,"b:109:6:114:Infinity:undefined:undefined:undefined:undefined":15,"s:109:6:114:Infinity":36,"s:110:35:110:Infinity":37,"b:111:8:113:Infinity:undefined:undefined:undefined:undefined":16,"s:111:8:113:Infinity":38,"s:112:10:112:Infinity":39,"s:116:30:116:Infinity":40,"b:117:6:117:Infinity:undefined:undefined:undefined:undefined":17,"s:117:6:117:Infinity":41,"s:117:17:117:Infinity":42,"s:119:20:126:Infinity":43,"f:121:28:121:33":6,"s:121:33:121:56":44,"f:122:31:122:36":7,"s:122:36:122:61":45,"f:123:30:123:35":8,"s:123:35:123:60":46,"s:129:6:133:Infinity":47,"f:129:19:129:Infinity":9,"b:130:8:132:Infinity:undefined:undefined:undefined:undefined":18,"s:130:8:132:Infinity":48,"s:131:10:131:Infinity":49,"b:131:52:131:90:131:94:131:99":19,"s:136:6:138:Infinity":50,"f:136:19:136:Infinity":10,"s:137:8:137:Infinity":51,"b:137:44:137:76:137:80:137:85":20,"s:140:6:140:Infinity":52}}}
,"C:\\Dirq apps\\dirq-solutions-crmwebsite\\src\\hooks\\useAuth.tsx": {"path":"C:\\Dirq apps\\dirq-solutions-crmwebsite\\src\\hooks\\useAuth.tsx","statementMap":{"0":{"start":{"line":34,"column":6},"end":{"line":34,"column":null}},"1":{"start":{"line":37,"column":23},"end":{"line":37,"column":null}},"2":{"start":{"line":38,"column":29},"end":{"line":38,"column":null}},"3":{"start":{"line":39,"column":29},"end":{"line":39,"column":null}},"4":{"start":{"line":40,"column":23},"end":{"line":40,"column":null}},"5":{"start":{"line":41,"column":29},"end":{"line":41,"column":null}},"6":{"start":{"line":43,"column":2},"end":{"line":106,"column":null}},"7":{"start":{"line":45,"column":39},"end":{"line":75,"column":null}},"8":{"start":{"line":47,"column":6},"end":{"line":56,"column":null}},"9":{"start":{"line":48,"column":8},"end":{"line":48,"column":null}},"10":{"start":{"line":49,"column":8},"end":{"line":49,"column":null}},"11":{"start":{"line":50,"column":8},"end":{"line":50,"column":null}},"12":{"start":{"line":51,"column":8},"end":{"line":51,"column":null}},"13":{"start":{"line":52,"column":8},"end":{"line":52,"column":null}},"14":{"start":{"line":53,"column":8},"end":{"line":53,"column":null}},"15":{"start":{"line":54,"column":8},"end":{"line":54,"column":null}},"16":{"start":{"line":55,"column":8},"end":{"line":55,"column":null}},"17":{"start":{"line":58,"column":6},"end":{"line":60,"column":null}},"18":{"start":{"line":59,"column":8},"end":{"line":59,"column":null}},"19":{"start":{"line":62,"column":6},"end":{"line":62,"column":null}},"20":{"start":{"line":63,"column":6},"end":{"line":63,"column":null}},"21":{"start":{"line":66,"column":6},"end":{"line":74,"column":null}},"22":{"start":{"line":67,"column":8},"end":{"line":69,"column":null}},"23":{"start":{"line":68,"column":10},"end":{"line":68,"column":null}},"24":{"start":{"line":71,"column":8},"end":{"line":71,"column":null}},"25":{"start":{"line":72,"column":8},"end":{"line":72,"column":null}},"26":{"start":{"line":73,"column":8},"end":{"line":73,"column":null}},"27":{"start":{"line":78,"column":4},"end":{"line":102,"column":null}},"28":{"start":{"line":79,"column":6},"end":{"line":86,"column":null}},"29":{"start":{"line":80,"column":8},"end":{"line":80,"column":null}},"30":{"start":{"line":81,"column":8},"end":{"line":81,"column":null}},"31":{"start":{"line":82,"column":8},"end":{"line":82,"column":null}},"32":{"start":{"line":83,"column":8},"end":{"line":83,"column":null}},"33":{"start":{"line":84,"column":8},"end":{"line":84,"column":null}},"34":{"start":{"line":85,"column":8},"end":{"line":85,"column":null}},"35":{"start":{"line":88,"column":6},"end":{"line":88,"column":null}},"36":{"start":{"line":89,"column":6},"end":{"line":89,"column":null}},"37":{"start":{"line":91,"column":6},"end":{"line":95,"column":null}},"38":{"start":{"line":92,"column":8},"end":{"line":92,"column":null}},"39":{"start":{"line":94,"column":8},"end":{"line":94,"column":null}},"40":{"start":{"line":97,"column":6},"end":{"line":97,"column":null}},"41":{"start":{"line":98,"column":6},"end":{"line":98,"column":null}},"42":{"start":{"line":99,"column":6},"end":{"line":99,"column":null}},"43":{"start":{"line":100,"column":6},"end":{"line":100,"column":null}},"44":{"start":{"line":101,"column":6},"end":{"line":101,"column":null}},"45":{"start":{"line":104,"column":4},"end":{"line":104,"column":null}},"46":{"start":{"line":104,"column":17},"end":{"line":104,"column":null}},"47":{"start":{"line":108,"column":30},"end":{"line":150,"column":null}},"48":{"start":{"line":109,"column":4},"end":{"line":149,"column":null}},"49":{"start":{"line":111,"column":57},"end":{"line":115,"column":null}},"50":{"start":{"line":117,"column":6},"end":{"line":125,"column":null}},"51":{"start":{"line":119,"column":8},"end":{"line":123,"column":null}},"52":{"start":{"line":120,"column":10},"end":{"line":120,"column":null}},"53":{"start":{"line":121,"column":10},"end":{"line":121,"column":null}},"54":{"start":{"line":122,"column":10},"end":{"line":122,"column":null}},"55":{"start":{"line":124,"column":8},"end":{"line":124,"column":null}},"56":{"start":{"line":126,"column":6},"end":{"line":126,"column":null}},"57":{"start":{"line":129,"column":51},"end":{"line":133,"column":null}},"58":{"start":{"line":135,"column":6},"end":{"line":143,"column":null}},"59":{"start":{"line":137,"column":8},"end":{"line":141,"column":null}},"60":{"start":{"line":138,"column":10},"end":{"line":138,"column":null}},"61":{"start":{"line":139,"column":10},"end":{"line":139,"column":null}},"62":{"start":{"line":140,"column":10},"end":{"line":140,"column":null}},"63":{"start":{"line":142,"column":8},"end":{"line":142,"column":null}},"64":{"start":{"line":144,"column":6},"end":{"line":144,"column":null}},"65":{"start":{"line":146,"column":6},"end":{"line":146,"column":null}},"66":{"start":{"line":148,"column":6},"end":{"line":148,"column":null}},"67":{"start":{"line":152,"column":17},"end":{"line":177,"column":null}},"68":{"start":{"line":153,"column":4},"end":{"line":176,"column":null}},"69":{"start":{"line":154,"column":6},"end":{"line":154,"column":null}},"70":{"start":{"line":156,"column":30},"end":{"line":159,"column":null}},"71":{"start":{"line":161,"column":6},"end":{"line":170,"column":null}},"72":{"start":{"line":162,"column":8},"end":{"line":162,"column":null}},"73":{"start":{"line":163,"column":8},"end":{"line":167,"column":null}},"74":{"start":{"line":169,"column":8},"end":{"line":169,"column":null}},"75":{"start":{"line":172,"column":6},"end":{"line":172,"column":null}},"76":{"start":{"line":174,"column":6},"end":{"line":174,"column":null}},"77":{"start":{"line":175,"column":6},"end":{"line":175,"column":null}},"78":{"start":{"line":179,"column":17},"end":{"line":198,"column":null}},"79":{"start":{"line":180,"column":4},"end":{"line":197,"column":null}},"80":{"start":{"line":181,"column":26},"end":{"line":181,"column":54}},"81":{"start":{"line":183,"column":24},"end":{"line":193,"column":null}},"82":{"start":{"line":194,"column":6},"end":{"line":194,"column":null}},"83":{"start":{"line":196,"column":6},"end":{"line":196,"column":null}},"84":{"start":{"line":200,"column":18},"end":{"line":213,"column":null}},"85":{"start":{"line":201,"column":4},"end":{"line":212,"column":null}},"86":{"start":{"line":202,"column":6},"end":{"line":202,"column":null}},"87":{"start":{"line":204,"column":6},"end":{"line":204,"column":null}},"88":{"start":{"line":207,"column":6},"end":{"line":207,"column":null}},"89":{"start":{"line":208,"column":6},"end":{"line":208,"column":null}},"90":{"start":{"line":209,"column":6},"end":{"line":209,"column":null}},"91":{"start":{"line":210,"column":6},"end":{"line":210,"column":null}},"92":{"start":{"line":211,"column":6},"end":{"line":211,"column":null}},"93":{"start":{"line":215,"column":33},"end":{"line":224,"column":null}},"94":{"start":{"line":226,"column":2},"end":{"line":228,"column":null}},"95":{"start":{"line":234,"column":8},"end":{"line":234,"column":null}},"96":{"start":{"line":235,"column":2},"end":{"line":237,"column":null}},"97":{"start":{"line":236,"column":4},"end":{"line":236,"column":null}},"98":{"start":{"line":238,"column":2},"end":{"line":238,"column":null}}},"fnMap":{"0":{"name":"AuthProvider","decl":{"start":{"line":36,"column":16},"end":{"line":36,"column":29}},"loc":{"start":{"line":36,"column":72},"end":{"line":231,"column":null}},"line":36},"1":{"name":"(anonymous_1)","decl":{"start":{"line":43,"column":12},"end":{"line":43,"column":null}},"loc":{"start":{"line":43,"column":12},"end":{"line":106,"column":5}},"line":43},"2":{"name":"(anonymous_2)","decl":{"start":{"line":45,"column":71},"end":{"line":45,"column":72}},"loc":{"start":{"line":45,"column":79},"end":{"line":75,"column":null}},"line":45},"3":{"name":"(anonymous_3)","decl":{"start":{"line":67,"column":19},"end":{"line":67,"column":null}},"loc":{"start":{"line":67,"column":19},"end":{"line":69,"column":11}},"line":67},"4":{"name":"(anonymous_4)","decl":{"start":{"line":78,"column":36},"end":{"line":78,"column":37}},"loc":{"start":{"line":78,"column":65},"end":{"line":96,"column":7}},"line":78},"5":{"name":"(anonymous_5)","decl":{"start":{"line":96,"column":13},"end":{"line":96,"column":14}},"loc":{"start":{"line":96,"column":14},"end":{"line":102,"column":null}},"line":96},"6":{"name":"(anonymous_6)","decl":{"start":{"line":104,"column":11},"end":{"line":104,"column":17}},"loc":{"start":{"line":104,"column":17},"end":{"line":104,"column":null}},"line":104},"7":{"name":"(anonymous_7)","decl":{"start":{"line":108,"column":30},"end":{"line":108,"column":37}},"loc":{"start":{"line":108,"column":37},"end":{"line":150,"column":null}},"line":108},"8":{"name":"(anonymous_8)","decl":{"start":{"line":152,"column":17},"end":{"line":152,"column":24}},"loc":{"start":{"line":152,"column":39},"end":{"line":177,"column":null}},"line":152},"9":{"name":"(anonymous_9)","decl":{"start":{"line":179,"column":17},"end":{"line":179,"column":24}},"loc":{"start":{"line":179,"column":75},"end":{"line":198,"column":null}},"line":179},"10":{"name":"(anonymous_10)","decl":{"start":{"line":200,"column":18},"end":{"line":200,"column":null}},"loc":{"start":{"line":200,"column":18},"end":{"line":213,"column":null}},"line":200},"11":{"name":"useAuth","decl":{"start":{"line":233,"column":16},"end":{"line":233,"column":null}},"loc":{"start":{"line":233,"column":16},"end":{"line":239,"column":null}},"line":233}},"branchMap":{"0":{"loc":{"start":{"line":47,"column":6},"end":{"line":56,"column":null}},"type":"if","locations":[{"start":{"line":47,"column":6},"end":{"line":56,"column":null}},{"start":{},"end":{}}],"line":47},"1":{"loc":{"start":{"line":47,"column":10},"end":{"line":47,"column":51}},"type":"binary-expr","locations":[{"start":{"line":47,"column":10},"end":{"line":47,"column":41}},{"start":{"line":47,"column":41},"end":{"line":47,"column":51}}],"line":47},"2":{"loc":{"start":{"line":58,"column":6},"end":{"line":60,"column":null}},"type":"if","locations":[{"start":{"line":58,"column":6},"end":{"line":60,"column":null}},{"start":{},"end":{}}],"line":58},"3":{"loc":{"start":{"line":63,"column":14},"end":{"line":63,"column":null}},"type":"binary-expr","locations":[{"start":{"line":63,"column":14},"end":{"line":63,"column":31}},{"start":{"line":63,"column":31},"end":{"line":63,"column":null}}],"line":63},"4":{"loc":{"start":{"line":66,"column":6},"end":{"line":74,"column":null}},"type":"if","locations":[{"start":{"line":66,"column":6},"end":{"line":74,"column":null}},{"start":{"line":70,"column":13},"end":{"line":74,"column":null}}],"line":66},"5":{"loc":{"start":{"line":79,"column":6},"end":{"line":86,"column":null}},"type":"if","locations":[{"start":{"line":79,"column":6},"end":{"line":86,"column":null}},{"start":{},"end":{}}],"line":79},"6":{"loc":{"start":{"line":89,"column":14},"end":{"line":89,"column":null}},"type":"binary-expr","locations":[{"start":{"line":89,"column":14},"end":{"line":89,"column":31}},{"start":{"line":89,"column":31},"end":{"line":89,"column":null}}],"line":89},"7":{"loc":{"start":{"line":91,"column":6},"end":{"line":95,"column":null}},"type":"if","locations":[{"start":{"line":91,"column":6},"end":{"line":95,"column":null}},{"start":{"line":93,"column":13},"end":{"line":95,"column":null}}],"line":91},"8":{"loc":{"start":{"line":117,"column":6},"end":{"line":125,"column":null}},"type":"if","locations":[{"start":{"line":117,"column":6},"end":{"line":125,"column":null}},{"start":{},"end":{}}],"line":117},"9":{"loc":{"start":{"line":119,"column":8},"end":{"line":123,"column":null}},"type":"if","locations":[{"start":{"line":119,"column":8},"end":{"line":123,"column":null}},{"start":{},"end":{}}],"line":119},"10":{"loc":{"start":{"line":119,"column":12},"end":{"line":119,"column":94}},"type":"binary-expr","locations":[{"start":{"line":119,"column":12},"end":{"line":119,"column":53}},{"start":{"line":119,"column":53},"end":{"line":119,"column":94}}],"line":119},"11":{"loc":{"start":{"line":135,"column":6},"end":{"line":143,"column":null}},"type":"if","locations":[{"start":{"line":135,"column":6},"end":{"line":143,"column":null}},{"start":{},"end":{}}],"line":135},"12":{"loc":{"start":{"line":137,"column":8},"end":{"line":141,"column":null}},"type":"if","locations":[{"start":{"line":137,"column":8},"end":{"line":141,"column":null}},{"start":{},"end":{}}],"line":137},"13":{"loc":{"start":{"line":137,"column":12},"end":{"line":137,"column":88}},"type":"binary-expr","locations":[{"start":{"line":137,"column":12},"end":{"line":137,"column":50}},{"start":{"line":137,"column":50},"end":{"line":137,"column":88}}],"line":137},"14":{"loc":{"start":{"line":161,"column":6},"end":{"line":170,"column":null}},"type":"if","locations":[{"start":{"line":161,"column":6},"end":{"line":170,"column":null}},{"start":{"line":168,"column":13},"end":{"line":170,"column":null}}],"line":161},"15":{"loc":{"start":{"line":235,"column":2},"end":{"line":237,"column":null}},"type":"if","locations":[{"start":{"line":235,"column":2},"end":{"line":237,"column":null}},{"start":{},"end":{}}],"line":235}},"s":{"0":2,"1":16,"2":16,"3":16,"4":16,"5":16,"6":16,"7":8,"8":0,"9":0,"10":0,"11":0,"12":0,"13":0,"14":0,"15":0,"16":0,"17":0,"18":0,"19":0,"20":0,"21":0,"22":0,"23":0,"24":0,"25":0,"26":0,"27":8,"28":8,"29":0,"30":0,"31":0,"32":0,"33":0,"34":0,"35":8,"36":8,"37":8,"38":7,"39":1,"40":0,"41":0,"42":0,"43":0,"44":0,"45":8,"46":8,"47":16,"48":7,"49":7,"50":7,"51":0,"52":0,"53":0,"54":0,"55":0,"56":7,"57":7,"58":7,"59":0,"60":0,"61":0,"62":0,"63":0,"64":7,"65":0,"66":7,"67":16,"68":0,"69":0,"70":0,"71":0,"72":0,"73":0,"74":0,"75":0,"76":0,"77":0,"78":16,"79":0,"80":0,"81":0,"82":0,"83":0,"84":16,"85":0,"86":0,"87":0,"88":0,"89":0,"90":0,"91":0,"92":0,"93":16,"94":16,"95":18,"96":18,"97":0,"98":18},"f":{"0":16,"1":8,"2":0,"3":0,"4":8,"5":0,"6":8,"7":7,"8":0,"9":0,"10":0,"11":18},"b":{"0":[0,0],"1":[0,0],"2":[0,0],"3":[0,0],"4":[0,0],"5":[0,8],"6":[8,1],"7":[7,1],"8":[0,7],"9":[0,0],"10":[0,0],"11":[0,7],"12":[0,0],"13":[0,0],"14":[0,0],"15":[0,18]},"meta":{"lastBranch":16,"lastFunction":12,"lastStatement":99,"seen":{"s:34:6:34:Infinity":0,"f:36:16:36:29":0,"s:37:23:37:Infinity":1,"s:38:29:38:Infinity":2,"s:39:29:39:Infinity":3,"s:40:23:40:Infinity":4,"s:41:29:41:Infinity":5,"s:43:2:106:Infinity":6,"f:43:12:43:Infinity":1,"s:45:39:75:Infinity":7,"f:45:71:45:72":2,"b:47:6:56:Infinity:undefined:undefined:undefined:undefined":0,"s:47:6:56:Infinity":8,"b:47:10:47:41:47:41:47:51":1,"s:48:8:48:Infinity":9,"s:49:8:49:Infinity":10,"s:50:8:50:Infinity":11,"s:51:8:51:Infinity":12,"s:52:8:52:Infinity":13,"s:53:8:53:Infinity":14,"s:54:8:54:Infinity":15,"s:55:8:55:Infinity":16,"b:58:6:60:Infinity:undefined:undefined:undefined:undefined":2,"s:58:6:60:Infinity":17,"s:59:8:59:Infinity":18,"s:62:6:62:Infinity":19,"s:63:6:63:Infinity":20,"b:63:14:63:31:63:31:63:Infinity":3,"b:66:6:74:Infinity:70:13:74:Infinity":4,"s:66:6:74:Infinity":21,"s:67:8:69:Infinity":22,"f:67:19:67:Infinity":3,"s:68:10:68:Infinity":23,"s:71:8:71:Infinity":24,"s:72:8:72:Infinity":25,"s:73:8:73:Infinity":26,"s:78:4:102:Infinity":27,"f:78:36:78:37":4,"b:79:6:86:Infinity:undefined:undefined:undefined:undefined":5,"s:79:6:86:Infinity":28,"s:80:8:80:Infinity":29,"s:81:8:81:Infinity":30,"s:82:8:82:Infinity":31,"s:83:8:83:Infinity":32,"s:84:8:84:Infinity":33,"s:85:8:85:Infinity":34,"s:88:6:88:Infinity":35,"s:89:6:89:Infinity":36,"b:89:14:89:31:89:31:89:Infinity":6,"b:91:6:95:Infinity:93:13:95:Infinity":7,"s:91:6:95:Infinity":37,"s:92:8:92:Infinity":38,"s:94:8:94:Infinity":39,"f:96:13:96:14":5,"s:97:6:97:Infinity":40,"s:98:6:98:Infinity":41,"s:99:6:99:Infinity":42,"s:100:6:100:Infinity":43,"s:101:6:101:Infinity":44,"s:104:4:104:Infinity":45,"f:104:11:104:17":6,"s:104:17:104:Infinity":46,"s:108:30:150:Infinity":47,"f:108:30:108:37":7,"s:109:4:149:Infinity":48,"s:111:57:115:Infinity":49,"b:117:6:125:Infinity:undefined:undefined:undefined:undefined":8,"s:117:6:125:Infinity":50,"b:119:8:123:Infinity:undefined:undefined:undefined:undefined":9,"s:119:8:123:Infinity":51,"b:119:12:119:53:119:53:119:94":10,"s:120:10:120:Infinity":52,"s:121:10:121:Infinity":53,"s:122:10:122:Infinity":54,"s:124:8:124:Infinity":55,"s:126:6:126:Infinity":56,"s:129:51:133:Infinity":57,"b:135:6:143:Infinity:undefined:undefined:undefined:undefined":11,"s:135:6:143:Infinity":58,"b:137:8:141:Infinity:undefined:undefined:undefined:undefined":12,"s:137:8:141:Infinity":59,"b:137:12:137:50:137:50:137:88":13,"s:138:10:138:Infinity":60,"s:139:10:139:Infinity":61,"s:140:10:140:Infinity":62,"s:142:8:142:Infinity":63,"s:144:6:144:Infinity":64,"s:146:6:146:Infinity":65,"s:148:6:148:Infinity":66,"s:152:17:177:Infinity":67,"f:152:17:152:24":8,"s:153:4:176:Infinity":68,"s:154:6:154:Infinity":69,"s:156:30:159:Infinity":70,"b:161:6:170:Infinity:168:13:170:Infinity":14,"s:161:6:170:Infinity":71,"s:162:8:162:Infinity":72,"s:163:8:167:Infinity":73,"s:169:8:169:Infinity":74,"s:172:6:172:Infinity":75,"s:174:6:174:Infinity":76,"s:175:6:175:Infinity":77,"s:179:17:198:Infinity":78,"f:179:17:179:24":9,"s:180:4:197:Infinity":79,"s:181:26:181:54":80,"s:183:24:193:Infinity":81,"s:194:6:194:Infinity":82,"s:196:6:196:Infinity":83,"s:200:18:213:Infinity":84,"f:200:18:200:Infinity":10,"s:201:4:212:Infinity":85,"s:202:6:202:Infinity":86,"s:204:6:204:Infinity":87,"s:207:6:207:Infinity":88,"s:208:6:208:Infinity":89,"s:209:6:209:Infinity":90,"s:210:6:210:Infinity":91,"s:211:6:211:Infinity":92,"s:215:33:224:Infinity":93,"s:226:2:228:Infinity":94,"f:233:16:233:Infinity":11,"s:234:8:234:Infinity":95,"b:235:2:237:Infinity:undefined:undefined:undefined:undefined":15,"s:235:2:237:Infinity":96,"s:236:4:236:Infinity":97,"s:238:2:238:Infinity":98}}}
}
